  Interface.cpp
C:\Users\g.britton\GitHub\TextAdventure\Interface.h(11,22): error C2061: syntax error: identifier 'string'
C:\Users\g.britton\GitHub\TextAdventure\Interface.h(14,14): error C3646: 'Function': unknown override specifier
C:\Users\g.britton\GitHub\TextAdventure\Interface.h(14,22): error C4430: missing type specifier - int assumed. Note: C++ does not support default-int
C:\Users\g.britton\GitHub\TextAdventure\Interface.h(17,8): error C2143: syntax error: missing ';' before '<'
C:\Users\g.britton\GitHub\TextAdventure\Interface.h(17,8): error C4430: missing type specifier - int assumed. Note: C++ does not support default-int
C:\Users\g.britton\GitHub\TextAdventure\Interface.h(17,23): error C2238: unexpected token(s) preceding ';'
C:\Users\g.britton\GitHub\TextAdventure\Interface.h(20,17): error C2061: syntax error: identifier 'FunctionPtr'
C:\Users\g.britton\GitHub\TextAdventure\Interface.h(22,3): error C2065: 'Function': undeclared identifier
C:\Users\g.britton\GitHub\TextAdventure\Interface.h(22,14): error C2065: 'InFunction': undeclared identifier
C:\Users\g.britton\GitHub\TextAdventure\Interface.h(23,3): error C2065: 'Inputs': undeclared identifier
C:\Users\g.britton\GitHub\TextAdventure\Interface.h(23,12): error C2065: 'InInputs': undeclared identifier
C:\Users\g.britton\GitHub\TextAdventure\Interface.h(38,8): error C2143: syntax error: missing ';' before '<'
C:\Users\g.britton\GitHub\TextAdventure\Interface.h(38,8): error C4430: missing type specifier - int assumed. Note: C++ does not support default-int
C:\Users\g.britton\GitHub\TextAdventure\Interface.h(38,38): error C2238: unexpected token(s) preceding ';'
C:\Users\g.britton\GitHub\TextAdventure\Interface.h(46,9): error C3646: 'Prompt': unknown override specifier
C:\Users\g.britton\GitHub\TextAdventure\Interface.h(46,16): error C2059: syntax error: '='
C:\Users\g.britton\GitHub\TextAdventure\Interface.h(46,48): error C2238: unexpected token(s) preceding ';'
C:\Users\g.britton\GitHub\TextAdventure\Interface.h(48,9): error C3646: 'ParseInput': unknown override specifier
C:\Users\g.britton\GitHub\TextAdventure\Interface.h(48,19): error C2059: syntax error: '('
C:\Users\g.britton\GitHub\TextAdventure\Interface.h(48,41): error C2238: unexpected token(s) preceding ';'
C:\Users\g.britton\GitHub\TextAdventure\Interface.h(50,9): error C3646: 'InvalidCommand': unknown override specifier
C:\Users\g.britton\GitHub\TextAdventure\Interface.h(50,24): error C2059: syntax error: '='
C:\Users\g.britton\GitHub\TextAdventure\Interface.h(50,82): error C2238: unexpected token(s) preceding ';'
C:\Users\g.britton\GitHub\TextAdventure\Interface.h(53,9): error C3646: 'Move': unknown override specifier
C:\Users\g.britton\GitHub\TextAdventure\Interface.h(53,13): error C2059: syntax error: '('
C:\Users\g.britton\GitHub\TextAdventure\Interface.h(53,32): error C2334: unexpected token(s) preceding '{'; skipping apparent function body
C:\Users\g.britton\GitHub\TextAdventure\Interface.h(54,9): error C3646: 'Take': unknown override specifier
C:\Users\g.britton\GitHub\TextAdventure\Interface.h(54,13): error C2059: syntax error: '('
C:\Users\g.britton\GitHub\TextAdventure\Interface.h(54,29): error C2334: unexpected token(s) preceding '{'; skipping apparent function body
C:\Users\g.britton\GitHub\TextAdventure\Interface.h(55,9): error C3646: 'Open': unknown override specifier
C:\Users\g.britton\GitHub\TextAdventure\Interface.h(55,13): error C2059: syntax error: '('
C:\Users\g.britton\GitHub\TextAdventure\Interface.h(55,29): error C2334: unexpected token(s) preceding '{'; skipping apparent function body
C:\Users\g.britton\GitHub\TextAdventure\Interface.cpp(16,2): error C2065: 'InputMappings': undeclared identifier
C:\Users\g.britton\GitHub\TextAdventure\Interface.cpp(16,53): error C2039: 'Move': is not a member of 'Interface'
C:\Users\g.britton\GitHub\TextAdventure\Interface.h(28): message : see declaration of 'Interface'
C:\Users\g.britton\GitHub\TextAdventure\Interface.cpp(16,57): error C2065: 'Move': undeclared identifier
C:\Users\g.britton\GitHub\TextAdventure\Interface.cpp(17,2): error C2065: 'InputMappings': undeclared identifier
C:\Users\g.britton\GitHub\TextAdventure\Interface.cpp(17,53): error C2039: 'Take': is not a member of 'Interface'
C:\Users\g.britton\GitHub\TextAdventure\Interface.h(28): message : see declaration of 'Interface'
C:\Users\g.britton\GitHub\TextAdventure\Interface.cpp(17,57): error C2065: 'Take': undeclared identifier
C:\Users\g.britton\GitHub\TextAdventure\Interface.cpp(18,2): error C2065: 'InputMappings': undeclared identifier
C:\Users\g.britton\GitHub\TextAdventure\Interface.cpp(18,53): error C2039: 'Open': is not a member of 'Interface'
C:\Users\g.britton\GitHub\TextAdventure\Interface.h(28): message : see declaration of 'Interface'
C:\Users\g.britton\GitHub\TextAdventure\Interface.cpp(18,57): error C2065: 'Open': undeclared identifier
C:\Users\g.britton\GitHub\TextAdventure\Interface.cpp(24,10): error C2065: 'Prompt': undeclared identifier
C:\Users\g.britton\GitHub\TextAdventure\Interface.cpp(27,20): error C3861: 'ParseInput': identifier not found
C:\Users\g.britton\GitHub\TextAdventure\Interface.cpp(31,19): error C2039: 'ParseInput': is not a member of 'Interface'
C:\Users\g.britton\GitHub\TextAdventure\Interface.h(28): message : see declaration of 'Interface'
C:\Users\g.britton\GitHub\TextAdventure\Interface.cpp(36,2): error C2065: 'TextAdv': undeclared identifier
C:\Users\g.britton\GitHub\TextAdventure\Interface.cpp(39,36): error C2065: 'InputMappings': undeclared identifier
C:\Users\g.britton\GitHub\TextAdventure\Interface.cpp(39,2): error C2530: 'CommandMap': references must be initialized
C:\Users\g.britton\GitHub\TextAdventure\Interface.cpp(39,34): error C2143: syntax error: missing ';' before ':'
C:\Users\g.britton\GitHub\TextAdventure\Interface.cpp(39,49): error C2143: syntax error: missing ';' before ')'
C:\Users\g.britton\GitHub\TextAdventure\Interface.cpp(41,24): error C2039: 'Inputs': is not a member of 'CommandMapping'
C:\Users\g.britton\GitHub\TextAdventure\Interface.h(7): message : see declaration of 'CommandMapping'
C:\Users\g.britton\GitHub\TextAdventure\Interface.cpp(41,51): error C2039: 'Inputs': is not a member of 'CommandMapping'
C:\Users\g.britton\GitHub\TextAdventure\Interface.h(7): message : see declaration of 'CommandMapping'
C:\Users\g.britton\GitHub\TextAdventure\Interface.cpp(41,6): error C2672: 'count': no matching overloaded function found
C:\Program Files\Microsoft Visual Studio\2022\Enterprise\VC\Tools\MSVC\14.33.31629\include\xutility(5410,45): message : could be 'iterator_traits<_Iter>::difference_type std::count(const _InIt,const _InIt,const _Ty &)'
C:\Users\g.britton\GitHub\TextAdventure\Interface.cpp(41,7): message : 'iterator_traits<_Iter>::difference_type std::count(const _InIt,const _InIt,const _Ty &)': expects 3 arguments - 2 provided
C:\Program Files\Microsoft Visual Studio\2022\Enterprise\VC\Tools\MSVC\14.33.31629\include\xutility(5410): message : see declaration of 'std::count'
C:\Users\g.britton\GitHub\TextAdventure\Interface.cpp(44,12): error C2355: 'this': can only be referenced inside non-static member functions or non-static data member initializers
C:\Users\g.britton\GitHub\TextAdventure\Interface.cpp(44,30): error C2039: 'Function': is not a member of 'CommandMapping'
C:\Users\g.britton\GitHub\TextAdventure\Interface.h(7): message : see declaration of 'CommandMapping'
C:\Users\g.britton\GitHub\TextAdventure\Interface.cpp(49,9): error C2065: 'InvalidCommand': undeclared identifier
  Map.cpp
C:\Users\g.britton\GitHub\TextAdventure\Interface.h(11,22): error C2061: syntax error: identifier 'string'
C:\Users\g.britton\GitHub\TextAdventure\Interface.h(14,14): error C3646: 'Function': unknown override specifier
C:\Users\g.britton\GitHub\TextAdventure\Interface.h(14,22): error C4430: missing type specifier - int assumed. Note: C++ does not support default-int
C:\Users\g.britton\GitHub\TextAdventure\Interface.h(17,8): error C2143: syntax error: missing ';' before '<'
C:\Users\g.britton\GitHub\TextAdventure\Interface.h(17,8): error C4430: missing type specifier - int assumed. Note: C++ does not support default-int
C:\Users\g.britton\GitHub\TextAdventure\Interface.h(17,23): error C2238: unexpected token(s) preceding ';'
C:\Users\g.britton\GitHub\TextAdventure\Interface.h(20,17): error C2061: syntax error: identifier 'FunctionPtr'
C:\Users\g.britton\GitHub\TextAdventure\Interface.h(22,3): error C2065: 'Function': undeclared identifier
C:\Users\g.britton\GitHub\TextAdventure\Interface.h(22,14): error C2065: 'InFunction': undeclared identifier
C:\Users\g.britton\GitHub\TextAdventure\Interface.h(23,3): error C2065: 'Inputs': undeclared identifier
C:\Users\g.britton\GitHub\TextAdventure\Interface.h(23,12): error C2065: 'InInputs': undeclared identifier
C:\Users\g.britton\GitHub\TextAdventure\Interface.h(38,8): error C2143: syntax error: missing ';' before '<'
C:\Users\g.britton\GitHub\TextAdventure\Interface.h(38,8): error C4430: missing type specifier - int assumed. Note: C++ does not support default-int
C:\Users\g.britton\GitHub\TextAdventure\Interface.h(38,38): error C2238: unexpected token(s) preceding ';'
C:\Users\g.britton\GitHub\TextAdventure\Interface.h(46,9): error C3646: 'Prompt': unknown override specifier
C:\Users\g.britton\GitHub\TextAdventure\Interface.h(46,16): error C2059: syntax error: '='
C:\Users\g.britton\GitHub\TextAdventure\Interface.h(46,48): error C2238: unexpected token(s) preceding ';'
C:\Users\g.britton\GitHub\TextAdventure\Interface.h(48,9): error C3646: 'ParseInput': unknown override specifier
C:\Users\g.britton\GitHub\TextAdventure\Interface.h(48,19): error C2059: syntax error: '('
C:\Users\g.britton\GitHub\TextAdventure\Interface.h(48,41): error C2238: unexpected token(s) preceding ';'
C:\Users\g.britton\GitHub\TextAdventure\Interface.h(50,9): error C3646: 'InvalidCommand': unknown override specifier
C:\Users\g.britton\GitHub\TextAdventure\Interface.h(50,24): error C2059: syntax error: '='
C:\Users\g.britton\GitHub\TextAdventure\Interface.h(50,82): error C2238: unexpected token(s) preceding ';'
C:\Users\g.britton\GitHub\TextAdventure\Interface.h(53,9): error C3646: 'Move': unknown override specifier
C:\Users\g.britton\GitHub\TextAdventure\Interface.h(53,13): error C2059: syntax error: '('
C:\Users\g.britton\GitHub\TextAdventure\Interface.h(53,32): error C2334: unexpected token(s) preceding '{'; skipping apparent function body
C:\Users\g.britton\GitHub\TextAdventure\Interface.h(54,9): error C3646: 'Take': unknown override specifier
C:\Users\g.britton\GitHub\TextAdventure\Interface.h(54,13): error C2059: syntax error: '('
C:\Users\g.britton\GitHub\TextAdventure\Interface.h(54,29): error C2334: unexpected token(s) preceding '{'; skipping apparent function body
C:\Users\g.britton\GitHub\TextAdventure\Interface.h(55,9): error C3646: 'Open': unknown override specifier
C:\Users\g.britton\GitHub\TextAdventure\Interface.h(55,13): error C2059: syntax error: '('
C:\Users\g.britton\GitHub\TextAdventure\Interface.h(55,29): error C2334: unexpected token(s) preceding '{'; skipping apparent function body
  TextAdventure.cpp
  Generating Code...
