g:\george\documents\random projects\textadventure\textadventure\x64\debug\vc143.pdb
g:\george\documents\random projects\textadventure\textadventure\x64\debug\vc143.idb
g:\george\documents\random projects\textadventure\textadventure\x64\debug\interface.nativecodeanalysis.sarif
g:\george\documents\random projects\textadventure\textadventure\x64\debug\interface.nativecodeanalysis.xml
g:\george\documents\random projects\textadventure\textadventure\x64\debug\map.nativecodeanalysis.sarif
g:\george\documents\random projects\textadventure\textadventure\x64\debug\map.nativecodeanalysis.xml
g:\george\documents\random projects\textadventure\textadventure\x64\debug\textadventure.nativecodeanalysis.sarif
g:\george\documents\random projects\textadventure\textadventure\x64\debug\textadventure.nativecodeanalysis.xml
g:\george\documents\random projects\textadventure\textadventure\x64\debug\textadventure.obj
g:\george\documents\random projects\textadventure\textadventure\x64\debug\map.obj
g:\george\documents\random projects\textadventure\textadventure\x64\debug\interface.obj
g:\george\documents\random projects\textadventure\textadventure\x64\debug\textadventure.ilk
g:\george\documents\random projects\textadventure\textadventure\x64\debug\textadventure.exe
g:\george\documents\random projects\textadventure\textadventure\x64\debug\textadventure.pdb
g:\george\documents\random projects\textadventure\textadventure\x64\debug\vc.nativecodeanalysis.all.xml
g:\george\documents\random projects\textadventure\textadventure\x64\debug\textadventure.tlog\cl.command.1.tlog
g:\george\documents\random projects\textadventure\textadventure\x64\debug\textadventure.tlog\cl.items.tlog
g:\george\documents\random projects\textadventure\textadventure\x64\debug\textadventure.tlog\cl.read.1.tlog
g:\george\documents\random projects\textadventure\textadventure\x64\debug\textadventure.tlog\cl.write.1.tlog
g:\george\documents\random projects\textadventure\textadventure\x64\debug\textadventure.tlog\link.command.1.tlog
g:\george\documents\random projects\textadventure\textadventure\x64\debug\textadventure.tlog\link.read.1.tlog
g:\george\documents\random projects\textadventure\textadventure\x64\debug\textadventure.tlog\link.write.1.tlog
